2017-05-15 10:48:08  INFO ContestServiceRunnable:59 - 111111118vs111111113-contest-0 begin!
2017-05-15 10:48:08  INFO ContestServiceRunnable:59 - 111111115vs111111110-contest-3 begin!
2017-05-15 10:48:08  INFO ContestServiceRunnable:59 - 111111111vs111111116-contest-2 begin!
2017-05-15 10:48:08  INFO ContestServiceRunnable:69 - 111111118vs111111113-contest-0 round 0 start
2017-05-15 10:48:08  INFO ContestServiceRunnable:69 - 111111111vs111111116-contest-2 round 0 start
2017-05-15 10:48:08  INFO ContestServiceRunnable:59 - 111111112vs111111114-contest-1 begin!
2017-05-15 10:48:08  INFO ContestServiceRunnable:69 - 111111112vs111111114-contest-1 round 0 start
2017-05-15 10:48:08  INFO ContestServiceRunnable:69 - 111111115vs111111110-contest-3 round 0 start
2017-05-15 10:48:25  INFO ContestServiceRunnable:550 - 111111111vs111111116-contest-2 round 0 end
2017-05-15 10:48:25  INFO ContestServiceRunnable:69 - 111111111vs111111116-contest-2 round 1 start
2017-05-15 10:48:25  INFO ContestServiceRunnable:550 - 111111115vs111111110-contest-3 round 0 end
2017-05-15 10:48:25  INFO ContestServiceRunnable:69 - 111111115vs111111110-contest-3 round 1 start
2017-05-15 10:48:25  INFO ContestServiceRunnable:550 - 111111118vs111111113-contest-0 round 0 end
2017-05-15 10:48:25  INFO ContestServiceRunnable:69 - 111111118vs111111113-contest-0 round 1 start
2017-05-15 10:48:25  INFO ContestServiceRunnable:550 - 111111112vs111111114-contest-1 round 0 end
2017-05-15 10:48:25  INFO ContestServiceRunnable:69 - 111111112vs111111114-contest-1 round 1 start
2017-05-15 10:48:43  INFO ContestServiceRunnable:550 - 111111111vs111111116-contest-2 round 1 end
2017-05-15 10:48:43  INFO ContestServiceRunnable:578 - 111111111vs111111116-contest-2 game over
2017-05-15 10:48:43  INFO ContestServiceRunnable:585 - 111111111vs111111116-contest-2 result saved!
2017-05-15 10:48:43  INFO ContestServiceRunnable:590 - 111111111vs111111116-contest-2 record save completed!
2017-05-15 10:48:44  INFO ContestServiceRunnable:550 - 111111118vs111111113-contest-0 round 1 end
2017-05-15 10:48:44  INFO ContestServiceRunnable:578 - 111111118vs111111113-contest-0 game over
2017-05-15 10:48:44  INFO ContestServiceRunnable:585 - 111111118vs111111113-contest-0 result saved!
2017-05-15 10:48:44  INFO ContestServiceRunnable:590 - 111111118vs111111113-contest-0 record save completed!
2017-05-15 10:48:44  INFO ContestServiceRunnable:550 - 111111115vs111111110-contest-3 round 1 end
2017-05-15 10:48:44  INFO ContestServiceRunnable:578 - 111111115vs111111110-contest-3 game over
2017-05-15 10:48:44  INFO ContestServiceRunnable:585 - 111111115vs111111110-contest-3 result saved!
2017-05-15 10:48:44  INFO ContestServiceRunnable:590 - 111111115vs111111110-contest-3 record save completed!
2017-05-15 10:48:44  INFO ContestServiceRunnable:550 - 111111112vs111111114-contest-1 round 1 end
2017-05-15 10:48:44  INFO ContestServiceRunnable:578 - 111111112vs111111114-contest-1 game over
2017-05-15 10:48:44  INFO ContestServiceRunnable:585 - 111111112vs111111114-contest-1 result saved!
2017-05-15 10:48:44  INFO ContestServiceRunnable:590 - 111111112vs111111114-contest-1 record save completed!
2017-05-15 10:52:10  INFO ContestServiceRunnable:59 - 111111110vs111111112-contest-0 begin!
2017-05-15 10:52:10  INFO ContestServiceRunnable:69 - 111111110vs111111112-contest-0 round 0 start
2017-05-15 10:52:10  INFO ContestServiceRunnable:59 - 111111115vs111111116-contest-2 begin!
2017-05-15 10:52:10  INFO ContestServiceRunnable:59 - 111111117vs111111118-contest-1 begin!
2017-05-15 10:52:10  INFO ContestServiceRunnable:69 - 111111117vs111111118-contest-1 round 0 start
2017-05-15 10:52:10  INFO ContestServiceRunnable:69 - 111111115vs111111116-contest-2 round 0 start
2017-05-15 10:52:10  INFO ContestServiceRunnable:59 - 111111111vs111111113-contest-3 begin!
2017-05-15 10:52:10  INFO ContestServiceRunnable:69 - 111111111vs111111113-contest-3 round 0 start
2017-05-15 10:52:32  INFO ContestServiceRunnable:550 - 111111111vs111111113-contest-3 round 0 end
2017-05-15 10:52:32  INFO ContestServiceRunnable:69 - 111111111vs111111113-contest-3 round 1 start
2017-05-15 10:52:32  INFO ContestServiceRunnable:550 - 111111117vs111111118-contest-1 round 0 end
2017-05-15 10:52:32  INFO ContestServiceRunnable:69 - 111111117vs111111118-contest-1 round 1 start
2017-05-15 10:52:32  INFO ContestServiceRunnable:550 - 111111115vs111111116-contest-2 round 0 end
2017-05-15 10:52:32  INFO ContestServiceRunnable:69 - 111111115vs111111116-contest-2 round 1 start
2017-05-15 10:52:32  INFO ContestServiceRunnable:550 - 111111110vs111111112-contest-0 round 0 end
2017-05-15 10:52:32  INFO ContestServiceRunnable:69 - 111111110vs111111112-contest-0 round 1 start
2017-05-15 10:52:52  INFO ContestServiceRunnable:550 - 111111117vs111111118-contest-1 round 1 end
2017-05-15 10:52:52  INFO ContestServiceRunnable:578 - 111111117vs111111118-contest-1 game over
2017-05-15 10:52:52  INFO ContestServiceRunnable:585 - 111111117vs111111118-contest-1 result saved!
2017-05-15 10:52:53  INFO ContestServiceRunnable:590 - 111111117vs111111118-contest-1 record save completed!
2017-05-15 10:52:53  INFO ContestServiceRunnable:550 - 111111111vs111111113-contest-3 round 1 end
2017-05-15 10:52:53  INFO ContestServiceRunnable:578 - 111111111vs111111113-contest-3 game over
2017-05-15 10:52:53  INFO ContestServiceRunnable:585 - 111111111vs111111113-contest-3 result saved!
2017-05-15 10:52:53  INFO ContestServiceRunnable:590 - 111111111vs111111113-contest-3 record save completed!
2017-05-15 10:52:54  INFO ContestServiceRunnable:550 - 111111115vs111111116-contest-2 round 1 end
2017-05-15 10:52:54  INFO ContestServiceRunnable:578 - 111111115vs111111116-contest-2 game over
2017-05-15 10:52:54  INFO ContestServiceRunnable:585 - 111111115vs111111116-contest-2 result saved!
2017-05-15 10:52:54  INFO ContestServiceRunnable:590 - 111111115vs111111116-contest-2 record save completed!
2017-05-15 10:52:54  INFO ContestServiceRunnable:550 - 111111110vs111111112-contest-0 round 1 end
2017-05-15 10:52:54  INFO ContestServiceRunnable:578 - 111111110vs111111112-contest-0 game over
2017-05-15 10:52:54  INFO ContestServiceRunnable:585 - 111111110vs111111112-contest-0 result saved!
2017-05-15 10:52:54  INFO ContestServiceRunnable:590 - 111111110vs111111112-contest-0 record save completed!
2017-05-15 10:56:25  INFO ContestServiceRunnable:59 - 111111112vs111111117-contest-0 begin!
2017-05-15 10:56:25  INFO ContestServiceRunnable:69 - 111111112vs111111117-contest-0 round 0 start
2017-05-15 10:56:25  INFO ContestServiceRunnable:59 - 111111115vs111111111-contest-1 begin!
2017-05-15 10:56:25  INFO ContestServiceRunnable:69 - 111111115vs111111111-contest-1 round 0 start
2017-05-15 10:56:36  INFO ContestServiceRunnable:550 - 111111115vs111111111-contest-1 round 0 end
2017-05-15 10:56:36  INFO ContestServiceRunnable:69 - 111111115vs111111111-contest-1 round 1 start
2017-05-15 10:56:36  INFO ContestServiceRunnable:550 - 111111112vs111111117-contest-0 round 0 end
2017-05-15 10:56:36  INFO ContestServiceRunnable:69 - 111111112vs111111117-contest-0 round 1 start
2017-05-15 10:56:47  INFO ContestServiceRunnable:550 - 111111115vs111111111-contest-1 round 1 end
2017-05-15 10:56:47  INFO ContestServiceRunnable:578 - 111111115vs111111111-contest-1 game over
2017-05-15 10:56:47  INFO ContestServiceRunnable:585 - 111111115vs111111111-contest-1 result saved!
2017-05-15 10:56:47  INFO ContestServiceRunnable:590 - 111111115vs111111111-contest-1 record save completed!
2017-05-15 10:56:47  INFO ContestServiceRunnable:550 - 111111112vs111111117-contest-0 round 1 end
2017-05-15 10:56:47  INFO ContestServiceRunnable:578 - 111111112vs111111117-contest-0 game over
2017-05-15 10:56:47  INFO ContestServiceRunnable:585 - 111111112vs111111117-contest-0 result saved!
2017-05-15 10:56:47  INFO ContestServiceRunnable:590 - 111111112vs111111117-contest-0 record save completed!
2017-05-15 10:57:44  INFO ContestServiceRunnable:59 - 111111115vs111111112-contest-2 begin!
2017-05-15 10:57:44  INFO ContestServiceRunnable:69 - 111111115vs111111112-contest-2 round 0 start
2017-05-15 10:57:52  INFO ContestServiceRunnable:550 - 111111115vs111111112-contest-2 round 0 end
2017-05-15 10:57:52  INFO ContestServiceRunnable:69 - 111111115vs111111112-contest-2 round 1 start
2017-05-15 10:58:01  INFO ContestServiceRunnable:550 - 111111115vs111111112-contest-2 round 1 end
2017-05-15 10:58:01  INFO ContestServiceRunnable:578 - 111111115vs111111112-contest-2 game over
2017-05-15 10:58:01  INFO ContestServiceRunnable:585 - 111111115vs111111112-contest-2 result saved!
2017-05-15 10:58:01  INFO ContestServiceRunnable:590 - 111111115vs111111112-contest-2 record save completed!
2017-05-15 10:58:44  INFO ContestServiceRunnable:59 - 111111112vs111111114-contest-3 begin!
2017-05-15 10:58:44  INFO ContestServiceRunnable:69 - 111111112vs111111114-contest-3 round 0 start
2017-05-15 10:58:53  INFO ContestServiceRunnable:550 - 111111112vs111111114-contest-3 round 0 end
2017-05-15 10:58:53  INFO ContestServiceRunnable:69 - 111111112vs111111114-contest-3 round 1 start
2017-05-15 10:59:02  INFO ContestServiceRunnable:550 - 111111112vs111111114-contest-3 round 1 end
2017-05-15 10:59:02  INFO ContestServiceRunnable:578 - 111111112vs111111114-contest-3 game over
2017-05-15 10:59:02  INFO ContestServiceRunnable:585 - 111111112vs111111114-contest-3 result saved!
2017-05-15 10:59:02  INFO ContestServiceRunnable:590 - 111111112vs111111114-contest-3 record save completed!
