2017-05-15 10:47:07  INFO CreateServiceRunnable:85 - CreateServiceRunnable initialization complete!
2017-05-15 10:47:07  INFO CreateServiceRunnable:97 - CreateServiceRunnable is running...
2017-05-15 10:47:07  INFO CreateServiceRunnable:106 - Start contest mode!
2017-05-15 10:47:07  INFO CreateServiceRunnable:116 - The number of registered players: 0
2017-05-15 10:47:15  INFO CreateServiceRunnable:200 - Accepted 111111119
2017-05-15 10:47:15  INFO CreateServiceRunnable:243 - Not in Player List: 111111119
2017-05-15 10:47:19  INFO CreateServiceRunnable:200 - Accepted 111111118
2017-05-15 10:47:19  INFO CreateServiceRunnable:217 - Welcome 111111118
2017-05-15 10:47:19  INFO CreateServiceRunnable:116 - The number of registered players: 1
2017-05-15 10:47:24  INFO CreateServiceRunnable:200 - Accepted 111111117
2017-05-15 10:47:24  INFO CreateServiceRunnable:217 - Welcome 111111117
2017-05-15 10:47:24  INFO CreateServiceRunnable:116 - The number of registered players: 2
2017-05-15 10:47:27  INFO CreateServiceRunnable:200 - Accepted 111111116
2017-05-15 10:47:27  INFO CreateServiceRunnable:217 - Welcome 111111116
2017-05-15 10:47:27  INFO CreateServiceRunnable:116 - The number of registered players: 3
2017-05-15 10:47:32  INFO CreateServiceRunnable:200 - Accepted 111111117
2017-05-15 10:47:32  INFO CreateServiceRunnable:217 - Welcome 111111117
2017-05-15 10:47:32  INFO CreateServiceRunnable:116 - The number of registered players: 3
2017-05-15 10:47:36  INFO CreateServiceRunnable:200 - Accepted 111111115
2017-05-15 10:47:36  INFO CreateServiceRunnable:217 - Welcome 111111115
2017-05-15 10:47:36  INFO CreateServiceRunnable:116 - The number of registered players: 4
2017-05-15 10:47:39  INFO CreateServiceRunnable:200 - Accepted 111111114
2017-05-15 10:47:39  INFO CreateServiceRunnable:217 - Welcome 111111114
2017-05-15 10:47:39  INFO CreateServiceRunnable:116 - The number of registered players: 5
2017-05-15 10:47:44  INFO CreateServiceRunnable:200 - Accepted 111111119
2017-05-15 10:47:44  INFO CreateServiceRunnable:243 - Not in Player List: 111111119
2017-05-15 10:47:47  INFO CreateServiceRunnable:200 - Accepted 111111114
2017-05-15 10:47:47  INFO CreateServiceRunnable:217 - Welcome 111111114
2017-05-15 10:47:47  INFO CreateServiceRunnable:116 - The number of registered players: 5
2017-05-15 10:47:50  INFO CreateServiceRunnable:200 - Accepted 111111113
2017-05-15 10:47:50  INFO CreateServiceRunnable:217 - Welcome 111111113
2017-05-15 10:47:50  INFO CreateServiceRunnable:116 - The number of registered players: 6
2017-05-15 10:47:55  INFO CreateServiceRunnable:200 - Accepted 111111113
2017-05-15 10:47:55  INFO CreateServiceRunnable:217 - Welcome 111111113
2017-05-15 10:47:55  INFO CreateServiceRunnable:116 - The number of registered players: 6
2017-05-15 10:47:59  INFO CreateServiceRunnable:200 - Accepted 111111112
2017-05-15 10:47:59  INFO CreateServiceRunnable:217 - Welcome 111111112
2017-05-15 10:47:59  INFO CreateServiceRunnable:116 - The number of registered players: 7
2017-05-15 10:48:02  INFO CreateServiceRunnable:200 - Accepted 111111110
2017-05-15 10:48:02  INFO CreateServiceRunnable:217 - Welcome 111111110
2017-05-15 10:48:02  INFO CreateServiceRunnable:116 - The number of registered players: 8
2017-05-15 10:48:08  INFO CreateServiceRunnable:200 - Accepted 111111111
2017-05-15 10:48:08  INFO CreateServiceRunnable:217 - Welcome 111111111
2017-05-15 10:48:08  INFO CreateServiceRunnable:279 - The number of registered players: 9
2017-05-15 10:48:08  INFO CreateServiceRunnable:299 - The passed player in contest: 111111117
2017-05-15 10:48:08  INFO CreateServiceRunnable:301 - Contest start!
2017-05-15 10:51:00  INFO CreateServiceRunnable:85 - CreateServiceRunnable initialization complete!
2017-05-15 10:51:00  INFO CreateServiceRunnable:97 - CreateServiceRunnable is running...
2017-05-15 10:51:00  INFO CreateServiceRunnable:106 - Start contest mode!
2017-05-15 10:51:00  INFO CreateServiceRunnable:116 - The number of registered players: 0
2017-05-15 10:51:11  INFO CreateServiceRunnable:200 - Accepted 111111110
2017-05-15 10:51:11  INFO CreateServiceRunnable:217 - Welcome 111111110
2017-05-15 10:51:11  INFO CreateServiceRunnable:116 - The number of registered players: 1
2017-05-15 10:51:17  INFO CreateServiceRunnable:200 - Accepted 111111114
2017-05-15 10:51:17  INFO CreateServiceRunnable:217 - Welcome 111111114
2017-05-15 10:51:17  INFO CreateServiceRunnable:116 - The number of registered players: 2
2017-05-15 10:51:22  INFO CreateServiceRunnable:200 - Accepted 111111118
2017-05-15 10:51:22  INFO CreateServiceRunnable:217 - Welcome 111111118
2017-05-15 10:51:22  INFO CreateServiceRunnable:116 - The number of registered players: 3
2017-05-15 10:51:26  INFO CreateServiceRunnable:200 - Accepted 111111113
2017-05-15 10:51:26  INFO CreateServiceRunnable:217 - Welcome 111111113
2017-05-15 10:51:26  INFO CreateServiceRunnable:116 - The number of registered players: 4
2017-05-15 10:51:30  INFO CreateServiceRunnable:200 - Accepted 111111119
2017-05-15 10:51:30  INFO CreateServiceRunnable:243 - Not in Player List: 111111119
2017-05-15 10:51:35  INFO CreateServiceRunnable:200 - Accepted 111111118
2017-05-15 10:51:35  INFO CreateServiceRunnable:217 - Welcome 111111118
2017-05-15 10:51:35  INFO CreateServiceRunnable:116 - The number of registered players: 4
2017-05-15 10:51:40  INFO CreateServiceRunnable:200 - Accepted 111111117
2017-05-15 10:51:40  INFO CreateServiceRunnable:217 - Welcome 111111117
2017-05-15 10:51:40  INFO CreateServiceRunnable:116 - The number of registered players: 5
2017-05-15 10:51:44  INFO CreateServiceRunnable:200 - Accepted 111111110
2017-05-15 10:51:44  INFO CreateServiceRunnable:217 - Welcome 111111110
2017-05-15 10:51:44  INFO CreateServiceRunnable:116 - The number of registered players: 5
2017-05-15 10:51:48  INFO CreateServiceRunnable:200 - Accepted 111111110
2017-05-15 10:51:48  INFO CreateServiceRunnable:217 - Welcome 111111110
2017-05-15 10:51:48  INFO CreateServiceRunnable:116 - The number of registered players: 5
2017-05-15 10:51:53  INFO CreateServiceRunnable:200 - Accepted 111111112
2017-05-15 10:51:53  INFO CreateServiceRunnable:217 - Welcome 111111112
2017-05-15 10:51:53  INFO CreateServiceRunnable:116 - The number of registered players: 6
2017-05-15 10:51:58  INFO CreateServiceRunnable:200 - Accepted 111111111
2017-05-15 10:51:58  INFO CreateServiceRunnable:217 - Welcome 111111111
2017-05-15 10:51:58  INFO CreateServiceRunnable:116 - The number of registered players: 7
2017-05-15 10:52:03  INFO CreateServiceRunnable:200 - Accepted 111111115
2017-05-15 10:52:03  INFO CreateServiceRunnable:217 - Welcome 111111115
2017-05-15 10:52:03  INFO CreateServiceRunnable:116 - The number of registered players: 8
2017-05-15 10:52:07  INFO CreateServiceRunnable:200 - Accepted 111111115
2017-05-15 10:52:07  INFO CreateServiceRunnable:217 - Welcome 111111115
2017-05-15 10:52:07  INFO CreateServiceRunnable:116 - The number of registered players: 8
2017-05-15 10:52:10  INFO CreateServiceRunnable:200 - Accepted 111111116
2017-05-15 10:52:10  INFO CreateServiceRunnable:217 - Welcome 111111116
2017-05-15 10:52:10  INFO CreateServiceRunnable:279 - The number of registered players: 9
2017-05-15 10:52:10  INFO CreateServiceRunnable:299 - The passed player in contest: 111111114
2017-05-15 10:52:10  INFO CreateServiceRunnable:301 - Contest start!
2017-05-15 10:55:46  INFO CreateServiceRunnable:85 - CreateServiceRunnable initialization complete!
2017-05-15 10:55:46  INFO CreateServiceRunnable:97 - CreateServiceRunnable is running...
2017-05-15 10:55:46  INFO CreateServiceRunnable:106 - Start contest mode!
2017-05-15 10:55:46  INFO CreateServiceRunnable:116 - The number of registered players: 0
2017-05-15 10:56:02  INFO CreateServiceRunnable:200 - Accepted 111111111
2017-05-15 10:56:02  INFO CreateServiceRunnable:217 - Welcome 111111111,张子涵
2017-05-15 10:56:02  INFO CreateServiceRunnable:116 - The number of registered players: 1
2017-05-15 10:56:08  INFO CreateServiceRunnable:200 - Accepted 111111112
2017-05-15 10:56:08  INFO CreateServiceRunnable:217 - Welcome 111111112,刘妙金
2017-05-15 10:56:08  INFO CreateServiceRunnable:116 - The number of registered players: 2
2017-05-15 10:56:13  INFO CreateServiceRunnable:200 - Accepted 111111117
2017-05-15 10:56:13  INFO CreateServiceRunnable:217 - Welcome 111111117,章子怡
2017-05-15 10:56:13  INFO CreateServiceRunnable:116 - The number of registered players: 3
2017-05-15 10:56:17  INFO CreateServiceRunnable:200 - Accepted 111111115
2017-05-15 10:56:17  INFO CreateServiceRunnable:217 - Welcome 111111115,景甜
2017-05-15 10:56:17  INFO CreateServiceRunnable:116 - The number of registered players: 4
2017-05-15 10:56:20  INFO CreateServiceRunnable:200 - Accepted 111111117
2017-05-15 10:56:20  INFO CreateServiceRunnable:217 - Welcome 111111117,章子怡
2017-05-15 10:56:20  INFO CreateServiceRunnable:116 - The number of registered players: 4
2017-05-15 10:56:25  INFO CreateServiceRunnable:200 - Accepted 111111114
2017-05-15 10:56:25  INFO CreateServiceRunnable:217 - Welcome 111111114,刘亦菲
2017-05-15 10:56:25  INFO CreateServiceRunnable:279 - The number of registered players: 5
2017-05-15 10:56:25  INFO CreateServiceRunnable:299 - The passed player in contest: 111111114
2017-05-15 10:56:25  INFO CreateServiceRunnable:301 - Contest start!
2017-05-15 10:57:25  INFO CreateServiceRunnable:41 - Update CreateServiceRunnable!
2017-05-15 10:57:25  INFO CreateServiceRunnable:85 - CreateServiceRunnable initialization complete!
2017-05-15 10:57:25  INFO CreateServiceRunnable:97 - CreateServiceRunnable is running...
2017-05-15 10:57:25  INFO CreateServiceRunnable:106 - Start contest mode!
2017-05-15 10:57:25  INFO CreateServiceRunnable:116 - The number of registered players: 0
2017-05-15 10:57:35  INFO CreateServiceRunnable:200 - Accepted 111111112
2017-05-15 10:57:35  INFO CreateServiceRunnable:217 - Welcome 111111112,刘妙金
2017-05-15 10:57:35  INFO CreateServiceRunnable:116 - The number of registered players: 1
2017-05-15 10:57:40  INFO CreateServiceRunnable:200 - Accepted 111111115
2017-05-15 10:57:40  INFO CreateServiceRunnable:217 - Welcome 111111115,景甜
2017-05-15 10:57:40  INFO CreateServiceRunnable:116 - The number of registered players: 2
2017-05-15 10:57:44  INFO CreateServiceRunnable:200 - Accepted 111111114
2017-05-15 10:57:44  INFO CreateServiceRunnable:217 - Welcome 111111114,刘亦菲
2017-05-15 10:57:44  INFO CreateServiceRunnable:279 - The number of registered players: 3
2017-05-15 10:57:44  INFO CreateServiceRunnable:299 - The passed player in contest: 111111114
2017-05-15 10:57:44  INFO CreateServiceRunnable:301 - Contest start!
2017-05-15 10:58:32  INFO CreateServiceRunnable:41 - Update CreateServiceRunnable!
2017-05-15 10:58:32  INFO CreateServiceRunnable:85 - CreateServiceRunnable initialization complete!
2017-05-15 10:58:32  INFO CreateServiceRunnable:97 - CreateServiceRunnable is running...
2017-05-15 10:58:32  INFO CreateServiceRunnable:106 - Start contest mode!
2017-05-15 10:58:32  INFO CreateServiceRunnable:116 - The number of registered players: 0
2017-05-15 10:58:41  INFO CreateServiceRunnable:200 - Accepted 111111112
2017-05-15 10:58:41  INFO CreateServiceRunnable:217 - Welcome 111111112,刘妙金
2017-05-15 10:58:41  INFO CreateServiceRunnable:116 - The number of registered players: 1
2017-05-15 10:58:44  INFO CreateServiceRunnable:200 - Accepted 111111114
2017-05-15 10:58:44  INFO CreateServiceRunnable:217 - Welcome 111111114,刘亦菲
2017-05-15 10:58:44  INFO CreateServiceRunnable:279 - The number of registered players: 2
2017-05-15 10:58:44  INFO CreateServiceRunnable:287 - No passed player in contest
2017-05-15 10:58:44  INFO CreateServiceRunnable:289 - Contest start!
2017-05-15 11:02:32  INFO CreateServiceRunnable:85 - CreateServiceRunnable initialization complete!
2017-05-15 11:02:32  INFO CreateServiceRunnable:97 - CreateServiceRunnable is running...
2017-05-15 11:02:32  INFO CreateServiceRunnable:106 - Start contest mode!
2017-05-15 11:02:32  INFO CreateServiceRunnable:116 - The number of registered players: 0
